<?xml version="1.0" encoding="UTF-8"?>
<!-- Generated by org.testng.reporters.JUnitReportReporter -->
<testsuite hostname="DESKTOP-HJO5O9P" failures="0" tests="3" name="TestNGProje.testngannot.TestNgAnnotation" time="0.015" errors="0" timestamp="2024-01-10T19:25:11 IST" skipped="0">
  <testcase classname="TestNGProje.testngannot.TestNgAnnotation" name="abc" time="0.005"/>
  <testcase classname="TestNGProje.testngannot.TestNgAnnotation" name="tc" time="0.004"/>
  <testcase classname="TestNGProje.testngannot.TestNgAnnotation" name="xyz" time="0.006"/>
</testsuite> <!-- TestNGProje.testngannot.TestNgAnnotation -->
