<?xml version="1.0" encoding="UTF-8"?>
<!-- Generated by org.testng.reporters.JUnitReportReporter -->
<testsuite hostname="DESKTOP-HJO5O9P" failures="0" tests="1" name="TestNGProje.testngannot.TestNGAnnotationmultipleclass" time="0.019" errors="0" timestamp="2024-01-10T19:25:50 IST" skipped="0">
  <testcase classname="TestNGProje.testngannot.TestNGAnnotationmultipleclass" name="tc" time="0.019"/>
</testsuite> <!-- TestNGProje.testngannot.TestNGAnnotationmultipleclass -->
