<?xml version="1.0" encoding="UTF-8"?>
<!-- Generated by org.testng.reporters.JUnitReportReporter -->
<testsuite hostname="DESKTOP-HJO5O9P" failures="0" tests="1" name="org.testing.TestScripts.TC2" time="36.363" errors="0" timestamp="2024-01-14T15:07:53 IST" skipped="0">
  <testcase classname="org.testing.TestScripts.TC2" name="Login" time="36.363"/>
</testsuite> <!-- org.testing.TestScripts.TC2 -->
