<?xml version="1.0" encoding="UTF-8"?>
<!-- Generated by org.testng.reporters.JUnitReportReporter -->
<testsuite hostname="DESKTOP-HJO5O9P" failures="0" tests="1" name="org.testing.TestScripts.TC1" time="37.101" errors="0" timestamp="2024-01-14T15:07:53 IST" skipped="0">
  <testcase classname="org.testing.TestScripts.TC1" name="Login" time="37.101"/>
</testsuite> <!-- org.testing.TestScripts.TC1 -->
