<?xml version="1.0" encoding="UTF-8"?>
<!-- Generated by org.testng.reporters.JUnitReportReporter -->
<testsuite hostname="DESKTOP-HJO5O9P" failures="0" tests="1" name="org.testing.TestScripts.TC1" time="44.522" errors="0" timestamp="2024-01-18T13:46:56 IST" skipped="0">
  <testcase classname="org.testing.TestScripts.TC1" name="Login" time="44.522"/>
</testsuite> <!-- org.testing.TestScripts.TC1 -->
