<?xml version="1.0" encoding="UTF-8"?>
<!-- Generated by org.testng.reporters.JUnitReportReporter -->
<testsuite hostname="DESKTOP-HJO5O9P" failures="0" tests="1" name="org.testing.TestScripts.TC1" time="39.916" errors="0" timestamp="2024-01-18T00:32:39 IST" skipped="0">
  <testcase classname="org.testing.TestScripts.TC1" name="Login" time="39.916"/>
</testsuite> <!-- org.testing.TestScripts.TC1 -->
