<?xml version="1.0" encoding="UTF-8"?>
<!-- Generated by org.testng.reporters.JUnitReportReporter -->
<testsuite hostname="DESKTOP-HJO5O9P" failures="0" tests="1" name="org.testing.TestScripts.TC3" time="32.664" errors="0" timestamp="2024-01-18T00:32:39 IST" skipped="0">
  <testcase classname="org.testing.TestScripts.TC3" name="Login" time="32.664"/>
</testsuite> <!-- org.testing.TestScripts.TC3 -->
