<?xml version="1.0" encoding="UTF-8"?>
<!-- Generated by org.testng.reporters.JUnitReportReporter -->
<testsuite hostname="DESKTOP-HJO5O9P" failures="0" tests="1" name="org.testing.TestScripts.TC3" time="38.440" errors="0" timestamp="2024-01-18T13:06:50 IST" skipped="0">
  <testcase classname="org.testing.TestScripts.TC3" name="Login" time="38.440"/>
</testsuite> <!-- org.testing.TestScripts.TC3 -->
