<?xml version="1.0" encoding="UTF-8"?>
<!-- Generated by org.testng.reporters.JUnitReportReporter -->
<testsuite hostname="DESKTOP-HJO5O9P" failures="0" tests="1" name="org.testing.TestScripts.TestCase1" time="32.373" errors="0" timestamp="2024-01-14T15:47:08 IST" skipped="0">
  <testcase classname="org.testing.TestScripts.TestCase1" name="testCase" time="32.373"/>
</testsuite> <!-- org.testing.TestScripts.TestCase1 -->
