<?xml version="1.0" encoding="UTF-8"?>
<!-- Generated by org.testng.reporters.JUnitReportReporter -->
<testsuite hostname="DESKTOP-HJO5O9P" failures="0" tests="1" name="org.testing.testScripts.TC1" time="36.485" errors="0" timestamp="2024-01-12T16:59:34 IST" skipped="0">
  <testcase classname="org.testing.testScripts.TC1" name="Login" time="36.485"/>
</testsuite> <!-- org.testing.testScripts.TC1 -->
